# JRE version: Java(TM) SE Runtime Environment (7.0_65-b17) (build 1.7.0_65-b17)
# Java VM: Java HotSpot(TM) 64-Bit Server VM (24.65-b04 mixed mode bsd-amd64 compressed oops)
Heap
 PSYoungGen      total 76800K, used 26257K [0x00000007aaa80000, 0x00000007b4080000, 0x0000000800000000)
  eden space 66048K, 23% used [0x00000007aaa80000,0x00000007ab9a8538,0x00000007aeb00000)
  from space 10752K, 99% used [0x00000007af580000,0x00000007afffc200,0x00000007b0000000)
  to   space 10752K, 0% used [0x00000007aeb00000,0x00000007aeb00000,0x00000007af580000)
 ParOldGen       total 174592K, used 27279K [0x0000000700000000, 0x000000070aa80000, 0x00000007aaa80000)
  object space 174592K, 15% used [0x0000000700000000,0x0000000701aa3dd0,0x000000070aa80000)
 PSPermGen       total 28160K, used 27746K [0x00000006fae00000, 0x00000006fc980000, 0x0000000700000000)
  object space 28160K, 98% used [0x00000006fae00000,0x00000006fc918b50,0x00000006fc980000)
GC Heap History (4 events):
Event: 3.310 GC heap before
{Heap before GC invocations=1 (full 0):
 PSYoungGen      total 76800K, used 66048K [0x00000007aaa80000, 0x00000007b0000000, 0x0000000800000000)
  eden space 66048K, 100% used [0x00000007aaa80000,0x00000007aeb00000,0x00000007aeb00000)
  from space 10752K, 0% used [0x00000007af580000,0x00000007af580000,0x00000007b0000000)
  to   space 10752K, 0% used [0x00000007aeb00000,0x00000007aeb00000,0x00000007af580000)
 ParOldGen       total 174592K, used 0K [0x0000000700000000, 0x000000070aa80000, 0x00000007aaa80000)
  object space 174592K, 0% used [0x0000000700000000,0x0000000700000000,0x000000070aa80000)
 PSPermGen       total 27136K, used 26904K [0x00000006fae00000, 0x00000006fc880000, 0x0000000700000000)
  object space 27136K, 99% used [0x00000006fae00000,0x00000006fc846150,0x00000006fc880000)
Event: 3.321 GC heap after
Heap after GC invocations=1 (full 0):
 PSYoungGen      total 76800K, used 9390K [0x00000007aaa80000, 0x00000007b0000000, 0x0000000800000000)
  eden space 66048K, 0% used [0x00000007aaa80000,0x00000007aaa80000,0x00000007aeb00000)
  from space 10752K, 87% used [0x00000007aeb00000,0x00000007af42b910,0x00000007af580000)
  to   space 10752K, 0% used [0x00000007af580000,0x00000007af580000,0x00000007b0000000)
 ParOldGen       total 174592K, used 8K [0x0000000700000000, 0x000000070aa80000, 0x00000007aaa80000)
  object space 174592K, 0% used [0x0000000700000000,0x0000000700002000,0x000000070aa80000)
 PSPermGen       total 27136K, used 26904K [0x00000006fae00000, 0x00000006fc880000, 0x0000000700000000)
  object space 27136K, 99% used [0x00000006fae00000,0x00000006fc846150,0x00000006fc880000)
}
Event: 4.229 GC heap before
{Heap before GC invocations=2 (full 0):
 PSYoungGen      total 76800K, used 73312K [0x00000007aaa80000, 0x00000007b0000000, 0x0000000800000000)
  eden space 66048K, 96% used [0x00000007aaa80000,0x00000007ae8ec7c0,0x00000007aeb00000)
  from space 10752K, 87% used [0x00000007aeb00000,0x00000007af42b910,0x00000007af580000)
  to   space 10752K, 0% used [0x00000007af580000,0x00000007af580000,0x00000007b0000000)
 ParOldGen       total 174592K, used 8K [0x0000000700000000, 0x000000070aa80000, 0x00000007aaa80000)
  object space 174592K, 0% used [0x0000000700000000,0x0000000700002000,0x000000070aa80000)
 PSPermGen       total 28160K, used 27737K [0x00000006fae00000, 0x00000006fc980000, 0x0000000700000000)
  object space 28160K, 98% used [0x00000006fae00000,0x00000006fc916430,0x00000006fc980000)
Event: 4.246 GC heap after
Heap after GC invocations=2 (full 0):
 PSYoungGen      total 76800K, used 10736K [0x00000007aaa80000, 0x00000007b4080000, 0x0000000800000000)
  eden space 66048K, 0% used [0x00000007aaa80000,0x00000007aaa80000,0x00000007aeb00000)
  from space 10752K, 99% used [0x00000007af580000,0x00000007afffc200,0x00000007b0000000)
  to   space 10752K, 0% used [0x00000007aeb00000,0x00000007aeb00000,0x00000007af580000)
 ParOldGen       total 174592K, used 27279K [0x0000000700000000, 0x000000070aa80000, 0x00000007aaa80000)
  object space 174592K, 15% used [0x0000000700000000,0x0000000701aa3dd0,0x000000070aa80000)
 PSPermGen       total 28160K, used 27737K [0x00000006fae00000, 0x00000006fc980000, 0x0000000700000000)
  object space 28160K, 98% used [0x00000006fae00000,0x00000006fc916430,0x00000006fc980000)
}

